[Mon, 09 Apr 18 00:30:57 +0700][ERROR] [0]: Table 'event' doesn't exist in database when dumping meta-data for Event

[Mon, 09 Apr 18 02:30:01 +0700][ERROR] [0]: Column 'authen' doesn't belong to any of the selected models (1), when preparing: SELECT [Event].* FROM [Event] WHERE authen LIMIT :APL0:

[Mon, 09 Apr 18 02:30:02 +0700][ERROR] [0]: Column 'authen' doesn't belong to any of the selected models (1), when preparing: SELECT [Event].* FROM [Event] WHERE authen LIMIT :APL0:

[Mon, 09 Apr 18 03:46:04 +0700][ERROR] [0]: Column 'event' doesn't belong to any of the selected models (1), when preparing: SELECT [Event].* FROM [Event] WHERE event LIMIT :APL0:

[Mon, 09 Apr 18 03:46:08 +0700][ERROR] [0]: Column 'event' doesn't belong to any of the selected models (1), when preparing: SELECT [Event].* FROM [Event] WHERE event LIMIT :APL0:

[Mon, 09 Apr 18 03:46:09 +0700][ERROR] [0]: Column 'event' doesn't belong to any of the selected models (1), when preparing: SELECT [Event].* FROM [Event] WHERE event LIMIT :APL0:

[Mon, 09 Apr 18 13:12:46 +0700][ERROR] [0]: Column 'event' doesn't belong to any of the selected models (1), when preparing: SELECT [Event].* FROM [Event] WHERE event LIMIT :APL0:

[Mon, 09 Apr 18 13:12:50 +0700][ERROR] [0]: Column 'event' doesn't belong to any of the selected models (1), when preparing: SELECT [Event].* FROM [Event] WHERE event LIMIT :APL0:

[Mon, 09 Apr 18 13:12:53 +0700][ERROR] [0]: Column 'profile' doesn't belong to any of the selected models (1), when preparing: SELECT [Event].* FROM [Event] WHERE profile LIMIT :APL0:

[Mon, 09 Apr 18 13:12:54 +0700][ERROR] [0]: Column 'authen' doesn't belong to any of the selected models (1), when preparing: SELECT [Event].* FROM [Event] WHERE authen LIMIT :APL0:

[Mon, 09 Apr 18 13:12:55 +0700][ERROR] [0]: Column 'authen' doesn't belong to any of the selected models (1), when preparing: SELECT [Event].* FROM [Event] WHERE authen LIMIT :APL0:

[Mon, 09 Apr 18 13:21:09 +0700][ERROR] [0]: Column 'event' doesn't belong to any of the selected models (1), when preparing: SELECT [Event].* FROM [Event] WHERE event LIMIT :APL0:

[Mon, 09 Apr 18 13:24:46 +0700][ERROR] [0]: Column 'authen' doesn't belong to any of the selected models (1), when preparing: SELECT [Event].* FROM [Event] WHERE authen LIMIT :APL0:

[Mon, 09 Apr 18 13:30:58 +0700][ERROR] [0]: Column 'authen' doesn't belong to any of the selected models (1), when preparing: SELECT [Event].* FROM [Event] WHERE authen LIMIT :APL0:

[Mon, 09 Apr 18 13:32:29 +0700][ERROR] [0]: Column 'authen' doesn't belong to any of the selected models (1), when preparing: SELECT [Event].* FROM [Event] WHERE authen LIMIT :APL0:

[Mon, 09 Apr 18 13:32:50 +0700][ERROR] [0]: Column 'authen' doesn't belong to any of the selected models (1), when preparing: SELECT [Event].* FROM [Event] WHERE authen LIMIT :APL0:

[Mon, 09 Apr 18 13:42:00 +0700][ERROR] [0]: Column 'event' doesn't belong to any of the selected models (1), when preparing: SELECT [Event].* FROM [Event] WHERE event LIMIT :APL0:

[Mon, 09 Apr 18 14:18:51 +0700][ERROR] [0]: Column 'event' doesn't belong to any of the selected models (1), when preparing: SELECT [Event].* FROM [Event] WHERE event LIMIT :APL0:

[Mon, 09 Apr 18 14:19:05 +0700][ERROR] [0]: Column 'about' doesn't belong to any of the selected models (1), when preparing: SELECT [Event].* FROM [Event] WHERE about LIMIT :APL0:

[Mon, 09 Apr 18 14:19:06 +0700][ERROR] [0]: Column 'about' doesn't belong to any of the selected models (1), when preparing: SELECT [Event].* FROM [Event] WHERE about LIMIT :APL0:

[Mon, 09 Apr 18 14:19:06 +0700][ERROR] [0]: Column 'about' doesn't belong to any of the selected models (1), when preparing: SELECT [Event].* FROM [Event] WHERE about LIMIT :APL0:

[Mon, 09 Apr 18 14:19:06 +0700][ERROR] [0]: Column 'about' doesn't belong to any of the selected models (1), when preparing: SELECT [Event].* FROM [Event] WHERE about LIMIT :APL0:

[Mon, 09 Apr 18 14:19:07 +0700][ERROR] [0]: Column 'about' doesn't belong to any of the selected models (1), when preparing: SELECT [Event].* FROM [Event] WHERE about LIMIT :APL0:

[Mon, 09 Apr 18 14:19:07 +0700][ERROR] [0]: Column 'event' doesn't belong to any of the selected models (1), when preparing: SELECT [Event].* FROM [Event] WHERE event LIMIT :APL0:

[Mon, 09 Apr 18 14:19:09 +0700][ERROR] [0]: Column 'event' doesn't belong to any of the selected models (1), when preparing: SELECT [Event].* FROM [Event] WHERE event LIMIT :APL0:

[Mon, 09 Apr 18 14:19:10 +0700][ERROR] [0]: Column 'event' doesn't belong to any of the selected models (1), when preparing: SELECT [Event].* FROM [Event] WHERE event LIMIT :APL0:

[Mon, 09 Apr 18 14:19:10 +0700][ERROR] [0]: Column 'about' doesn't belong to any of the selected models (1), when preparing: SELECT [Event].* FROM [Event] WHERE about LIMIT :APL0:

[Mon, 09 Apr 18 14:22:50 +0700][ERROR] [0]: Column 'event' doesn't belong to any of the selected models (1), when preparing: SELECT [Event].* FROM [Event] WHERE event LIMIT :APL0:

[Mon, 09 Apr 18 14:23:46 +0700][ERROR] [0]: Column 'about' doesn't belong to any of the selected models (1), when preparing: SELECT [Event].* FROM [Event] WHERE about LIMIT :APL0:

[Mon, 09 Apr 18 14:28:48 +0700][ERROR] [0]: Column 'event' doesn't belong to any of the selected models (1), when preparing: SELECT [Event].* FROM [Event] WHERE event LIMIT :APL0:

[Mon, 09 Apr 18 14:31:35 +0700][ERROR] [0]: Column 'event' doesn't belong to any of the selected models (1), when preparing: SELECT [Event].* FROM [Event] WHERE event LIMIT :APL0:

[Mon, 09 Apr 18 14:32:31 +0700][ERROR] [0]: Column 'event' doesn't belong to any of the selected models (1), when preparing: SELECT [Event].* FROM [Event] WHERE event LIMIT :APL0:

[Mon, 09 Apr 18 14:35:24 +0700][ERROR] [0]: Column 'event' doesn't belong to any of the selected models (1), when preparing: SELECT [Event].* FROM [Event] WHERE event LIMIT :APL0:

[Mon, 09 Apr 18 14:35:43 +0700][ERROR] [0]: Column 'profile' doesn't belong to any of the selected models (1), when preparing: SELECT [Event].* FROM [Event] WHERE profile LIMIT :APL0:

[Mon, 09 Apr 18 14:44:22 +0700][ERROR] [0]: Column 'event' doesn't belong to any of the selected models (1), when preparing: SELECT [Event].* FROM [Event] WHERE event LIMIT :APL0:

[Mon, 09 Apr 18 14:44:23 +0700][ERROR] [0]: Column 'event' doesn't belong to any of the selected models (1), when preparing: SELECT [Event].* FROM [Event] WHERE event LIMIT :APL0:

[Mon, 09 Apr 18 14:44:23 +0700][ERROR] [0]: Column 'event' doesn't belong to any of the selected models (1), when preparing: SELECT [Event].* FROM [Event] WHERE event LIMIT :APL0:

[Mon, 09 Apr 18 14:44:24 +0700][ERROR] [0]: Column 'event' doesn't belong to any of the selected models (1), when preparing: SELECT [Event].* FROM [Event] WHERE event LIMIT :APL0:

[Mon, 09 Apr 18 14:44:24 +0700][ERROR] [0]: Column 'event' doesn't belong to any of the selected models (1), when preparing: SELECT [Event].* FROM [Event] WHERE event LIMIT :APL0:

