[Mon, 09 Apr 18 00:44:20 +0700][ERROR] [2]: EventsController handler class cannot be loaded

[Mon, 09 Apr 18 00:44:44 +0700][ERROR] [2]: EventsController handler class cannot be loaded

[Mon, 09 Apr 18 00:45:22 +0700][ERROR] [2]: EventController handler class cannot be loaded

[Mon, 09 Apr 18 00:48:09 +0700][ERROR] [2]: EventController handler class cannot be loaded

[Mon, 09 Apr 18 00:49:28 +0700][ERROR] [2]: EventController handler class cannot be loaded

[Mon, 09 Apr 18 00:49:30 +0700][ERROR] [2]: EventController handler class cannot be loaded

[Mon, 09 Apr 18 00:49:31 +0700][ERROR] [2]: EventController handler class cannot be loaded

[Mon, 09 Apr 18 00:49:32 +0700][ERROR] [2]: EventController handler class cannot be loaded

[Mon, 09 Apr 18 00:49:35 +0700][ERROR] [2]: EventController handler class cannot be loaded

[Mon, 09 Apr 18 00:49:36 +0700][ERROR] [2]: EventController handler class cannot be loaded

[Mon, 09 Apr 18 00:49:36 +0700][ERROR] [2]: EventController handler class cannot be loaded

[Mon, 09 Apr 18 00:49:37 +0700][ERROR] [2]: EventController handler class cannot be loaded

[Mon, 09 Apr 18 00:49:38 +0700][ERROR] [2]: EventController handler class cannot be loaded

[Mon, 09 Apr 18 00:49:41 +0700][ERROR] [2]: EventController handler class cannot be loaded

[Mon, 09 Apr 18 00:49:42 +0700][ERROR] [2]: EventController handler class cannot be loaded

[Mon, 09 Apr 18 00:49:56 +0700][ERROR] [2]: EventController handler class cannot be loaded

[Mon, 09 Apr 18 00:50:09 +0700][ERROR] [2]: EventController handler class cannot be loaded

[Mon, 09 Apr 18 00:50:10 +0700][ERROR] [2]: EventController handler class cannot be loaded

[Mon, 09 Apr 18 00:52:13 +0700][ERROR] [2]: EventController handler class cannot be loaded

[Mon, 09 Apr 18 00:52:14 +0700][ERROR] [2]: EventController handler class cannot be loaded

[Mon, 09 Apr 18 00:52:17 +0700][ERROR] [2]: EventController handler class cannot be loaded

[Mon, 09 Apr 18 00:52:35 +0700][ERROR] [2]: EventController handler class cannot be loaded

[Mon, 09 Apr 18 00:52:38 +0700][ERROR] [2]: EventController handler class cannot be loaded

[Mon, 09 Apr 18 00:53:09 +0700][ERROR] [2]: EventController handler class cannot be loaded

[Mon, 09 Apr 18 00:53:14 +0700][ERROR] [2]: EventsController handler class cannot be loaded

[Mon, 09 Apr 18 00:53:18 +0700][ERROR] [2]: EventsController handler class cannot be loaded

[Mon, 09 Apr 18 00:53:28 +0700][ERROR] [2]: EventController handler class cannot be loaded

[Mon, 09 Apr 18 00:53:29 +0700][ERROR] [2]: EventController handler class cannot be loaded

[Mon, 09 Apr 18 00:53:30 +0700][ERROR] [2]: EventController handler class cannot be loaded

[Mon, 09 Apr 18 00:53:32 +0700][ERROR] [2]: EventController handler class cannot be loaded

[Mon, 09 Apr 18 00:55:15 +0700][ERROR] [5]: Action 'edit' was not found on handler 'event'

[Mon, 09 Apr 18 00:55:40 +0700][ERROR] [5]: Action 'deleteevent' was not found on handler 'event'

[Mon, 09 Apr 18 00:56:22 +0700][ERROR] [5]: Action 'deleteevent' was not found on handler 'event'

[Mon, 09 Apr 18 00:59:17 +0700][ERROR] [5]: Action 'deleteevent' was not found on handler 'event'

[Mon, 09 Apr 18 01:03:36 +0700][ERROR] [5]: Action 'authen' was not found on handler 'event'

[Mon, 09 Apr 18 01:03:38 +0700][ERROR] [5]: Action 'authen' was not found on handler 'event'

[Mon, 09 Apr 18 01:20:03 +0700][ERROR] [5]: Action 'deleteevent' was not found on handler 'event'

[Mon, 09 Apr 18 02:36:03 +0700][ERROR] [2]: ImgController handler class cannot be loaded

[Mon, 09 Apr 18 03:09:57 +0700][ERROR] [2]: ImgController handler class cannot be loaded

[Mon, 09 Apr 18 03:10:20 +0700][ERROR] [2]: ImgController handler class cannot be loaded

[Mon, 09 Apr 18 03:11:07 +0700][ERROR] [2]: ImgController handler class cannot be loaded

[Mon, 09 Apr 18 03:11:22 +0700][ERROR] [2]: ImgController handler class cannot be loaded

[Mon, 09 Apr 18 03:27:24 +0700][ERROR] [5]: Action 'css' was not found on handler 'authen'

[Mon, 09 Apr 18 03:27:24 +0700][ERROR] [5]: Action 'css' was not found on handler 'authen'

[Mon, 09 Apr 18 03:27:51 +0700][ERROR] [5]: Action 'css' was not found on handler 'authen'

[Mon, 09 Apr 18 03:27:51 +0700][ERROR] [5]: Action 'css' was not found on handler 'authen'

[Mon, 09 Apr 18 03:28:07 +0700][ERROR] [5]: Action 'css' was not found on handler 'authen'

[Mon, 09 Apr 18 03:28:07 +0700][ERROR] [5]: Action 'css' was not found on handler 'authen'

[Mon, 09 Apr 18 03:28:13 +0700][ERROR] [5]: Action 'css' was not found on handler 'authen'

[Mon, 09 Apr 18 03:28:13 +0700][ERROR] [5]: Action 'css' was not found on handler 'authen'

[Mon, 09 Apr 18 13:30:12 +0700][ERROR] [5]: Action 'authen' was not found on handler 'event'

[Mon, 09 Apr 18 13:38:12 +0700][ERROR] [5]: Action 'event' was not found on handler 'event'

[Mon, 09 Apr 18 13:38:14 +0700][ERROR] [5]: Action 'event' was not found on handler 'event'

[Mon, 09 Apr 18 13:52:43 +0700][ERROR] [5]: Action 'authen' was not found on handler 'event'

[Mon, 09 Apr 18 13:52:56 +0700][ERROR] [5]: Action 'css' was not found on handler 'authen'

[Mon, 09 Apr 18 13:52:56 +0700][ERROR] [5]: Action 'css' was not found on handler 'authen'

[Mon, 09 Apr 18 13:53:12 +0700][ERROR] [5]: Action 'css' was not found on handler 'authen'

[Mon, 09 Apr 18 13:53:13 +0700][ERROR] [5]: Action 'css' was not found on handler 'authen'

[Mon, 09 Apr 18 13:53:41 +0700][ERROR] [5]: Action 'css' was not found on handler 'authen'

[Mon, 09 Apr 18 13:53:41 +0700][ERROR] [5]: Action 'css' was not found on handler 'authen'

[Mon, 09 Apr 18 13:54:18 +0700][ERROR] [5]: Action 'css' was not found on handler 'authen'

[Mon, 09 Apr 18 13:54:18 +0700][ERROR] [5]: Action 'css' was not found on handler 'authen'

[Mon, 09 Apr 18 13:56:41 +0700][ERROR] [5]: Action 'css' was not found on handler 'authen'

[Mon, 09 Apr 18 13:56:41 +0700][ERROR] [5]: Action 'css' was not found on handler 'authen'

[Mon, 09 Apr 18 13:57:37 +0700][ERROR] [5]: Action 'css' was not found on handler 'authen'

[Mon, 09 Apr 18 13:57:37 +0700][ERROR] [5]: Action 'css' was not found on handler 'authen'

[Mon, 09 Apr 18 13:57:46 +0700][ERROR] [5]: Action 'css' was not found on handler 'authen'

[Mon, 09 Apr 18 13:57:46 +0700][ERROR] [5]: Action 'css' was not found on handler 'authen'

[Mon, 09 Apr 18 13:58:16 +0700][ERROR] [5]: Action 'css' was not found on handler 'authen'

[Mon, 09 Apr 18 13:58:17 +0700][ERROR] [5]: Action 'css' was not found on handler 'authen'

[Mon, 09 Apr 18 13:59:15 +0700][ERROR] [5]: Action 'css' was not found on handler 'authen'

[Mon, 09 Apr 18 13:59:16 +0700][ERROR] [5]: Action 'css' was not found on handler 'authen'

[Mon, 09 Apr 18 13:59:20 +0700][ERROR] [5]: Action 'css' was not found on handler 'authen'

[Mon, 09 Apr 18 13:59:20 +0700][ERROR] [5]: Action 'css' was not found on handler 'authen'

[Mon, 09 Apr 18 13:59:30 +0700][ERROR] [5]: Action 'css' was not found on handler 'authen'

[Mon, 09 Apr 18 13:59:31 +0700][ERROR] [5]: Action 'css' was not found on handler 'authen'

[Mon, 09 Apr 18 14:00:39 +0700][ERROR] [5]: Action 'css' was not found on handler 'authen'

[Mon, 09 Apr 18 14:00:39 +0700][ERROR] [5]: Action 'css' was not found on handler 'authen'

[Mon, 09 Apr 18 14:00:50 +0700][ERROR] [5]: Action 'css' was not found on handler 'authen'

[Mon, 09 Apr 18 14:00:50 +0700][ERROR] [5]: Action 'css' was not found on handler 'authen'

[Mon, 09 Apr 18 14:01:00 +0700][ERROR] [5]: Action 'css' was not found on handler 'authen'

[Mon, 09 Apr 18 14:01:01 +0700][ERROR] [5]: Action 'css' was not found on handler 'authen'

[Mon, 09 Apr 18 14:05:04 +0700][ERROR] [5]: Action 'css' was not found on handler 'authen'

[Mon, 09 Apr 18 14:05:04 +0700][ERROR] [5]: Action 'css' was not found on handler 'authen'

[Mon, 09 Apr 18 14:05:54 +0700][ERROR] [5]: Action 'css' was not found on handler 'authen'

[Mon, 09 Apr 18 14:05:54 +0700][ERROR] [5]: Action 'css' was not found on handler 'authen'

[Mon, 09 Apr 18 14:20:34 +0700][ERROR] [5]: Action 'about' was not found on handler 'event'

[Mon, 09 Apr 18 14:20:34 +0700][ERROR] [5]: Action 'about' was not found on handler 'event'

[Mon, 09 Apr 18 14:22:23 +0700][ERROR] [5]: Action 'event' was not found on handler 'event'

[Mon, 09 Apr 18 14:22:23 +0700][ERROR] [5]: Action 'event' was not found on handler 'event'

[Mon, 09 Apr 18 14:22:23 +0700][ERROR] [5]: Action 'event' was not found on handler 'event'

[Mon, 09 Apr 18 14:33:30 +0700][ERROR] [2]: Lab3Controller handler class cannot be loaded

[Mon, 09 Apr 18 14:41:39 +0700][ERROR] [2]: AppController handler class cannot be loaded

[Mon, 09 Apr 18 14:41:47 +0700][ERROR] [2]: AppController handler class cannot be loaded

[Mon, 09 Apr 18 14:42:09 +0700][ERROR] [2]: AppController handler class cannot be loaded

[Mon, 09 Apr 18 14:42:10 +0700][ERROR] [2]: AppController handler class cannot be loaded

[Mon, 09 Apr 18 14:44:40 +0700][ERROR] [5]: Action 'about' was not found on handler 'event'

[Mon, 09 Apr 18 14:44:42 +0700][ERROR] [5]: Action 'event' was not found on handler 'event'

[Mon, 09 Apr 18 14:44:43 +0700][ERROR] [5]: Action 'about' was not found on handler 'event'

[Mon, 09 Apr 18 14:44:46 +0700][ERROR] [5]: Action 'authen' was not found on handler 'event'

[Mon, 09 Apr 18 14:44:47 +0700][ERROR] [5]: Action 'authen' was not found on handler 'event'

[Mon, 09 Apr 18 14:44:48 +0700][ERROR] [5]: Action 'authen' was not found on handler 'event'

[Mon, 09 Apr 18 14:44:48 +0700][ERROR] [5]: Action 'authen' was not found on handler 'event'

[Mon, 09 Apr 18 14:45:48 +0700][ERROR] [5]: Action 'authen' was not found on handler 'event'

[Mon, 09 Apr 18 14:45:52 +0700][ERROR] [2]: ContactController handler class cannot be loaded

[Mon, 09 Apr 18 14:48:29 +0700][ERROR] [2]: SignoutController handler class cannot be loaded

[Mon, 09 Apr 18 14:48:36 +0700][ERROR] [2]: SignoutController handler class cannot be loaded

[Mon, 09 Apr 18 14:48:40 +0700][ERROR] [2]: SignoutController handler class cannot be loaded

[Mon, 09 Apr 18 14:50:26 +0700][ERROR] [2]: SignoutController handler class cannot be loaded

[Mon, 09 Apr 18 14:50:44 +0700][ERROR] [2]: SignoutController handler class cannot be loaded

[Mon, 09 Apr 18 14:51:48 +0700][ERROR] [2]: SignoutController handler class cannot be loaded

[Mon, 09 Apr 18 14:51:51 +0700][ERROR] [2]: SignoutController handler class cannot be loaded

[Mon, 09 Apr 18 14:54:46 +0700][ERROR] [2]: SignoutController handler class cannot be loaded

[Mon, 09 Apr 18 14:55:08 +0700][ERROR] [2]: SignoutController handler class cannot be loaded

[Mon, 09 Apr 18 14:57:56 +0700][ERROR] [2]: ContactController handler class cannot be loaded

[Mon, 09 Apr 18 18:16:02 +0700][ERROR] [2]: ContactController handler class cannot be loaded

[Mon, 09 Apr 18 18:19:24 +0700][ERROR] [2]: ContactController handler class cannot be loaded

