[Sun, 08 Apr 18 20:49:02 +0700][ERROR] [5]: Action 'about' was not found on handler 'profile'

[Sun, 08 Apr 18 20:50:27 +0700][ERROR] [5]: Action 'about' was not found on handler 'profile'

[Sun, 08 Apr 18 20:50:28 +0700][ERROR] [5]: Action 'profile' was not found on handler 'profile'

[Sun, 08 Apr 18 20:50:29 +0700][ERROR] [5]: Action 'profile' was not found on handler 'profile'

[Sun, 08 Apr 18 20:50:30 +0700][ERROR] [5]: Action 'profile' was not found on handler 'profile'

[Sun, 08 Apr 18 20:50:32 +0700][ERROR] [5]: Action 'profile' was not found on handler 'profile'

[Sun, 08 Apr 18 20:50:39 +0700][ERROR] [5]: Action 'profile' was not found on handler 'profile'

[Sun, 08 Apr 18 20:50:40 +0700][ERROR] [5]: Action 'profile' was not found on handler 'profile'

[Sun, 08 Apr 18 20:50:41 +0700][ERROR] [5]: Action 'profile' was not found on handler 'profile'

[Sun, 08 Apr 18 20:51:16 +0700][ERROR] [5]: Action 'profile' was not found on handler 'profile'

[Sun, 08 Apr 18 20:51:17 +0700][ERROR] [5]: Action 'profile' was not found on handler 'profile'

[Sun, 08 Apr 18 20:51:19 +0700][ERROR] [5]: Action 'profile' was not found on handler 'profile'

[Sun, 08 Apr 18 20:51:24 +0700][ERROR] [5]: Action 'profile' was not found on handler 'profile'

[Sun, 08 Apr 18 20:51:25 +0700][ERROR] [5]: Action 'profile' was not found on handler 'profile'

[Sun, 08 Apr 18 20:51:25 +0700][ERROR] [5]: Action 'profile' was not found on handler 'profile'

[Sun, 08 Apr 18 20:51:26 +0700][ERROR] [5]: Action 'profile' was not found on handler 'profile'

[Sun, 08 Apr 18 20:51:27 +0700][ERROR] [5]: Action 'profile' was not found on handler 'profile'

[Sun, 08 Apr 18 20:51:28 +0700][ERROR] [5]: Action 'profile' was not found on handler 'profile'

[Sun, 08 Apr 18 20:51:28 +0700][ERROR] [5]: Action 'profile' was not found on handler 'profile'

[Sun, 08 Apr 18 20:51:53 +0700][ERROR] [5]: Action 'profile' was not found on handler 'profile'

[Sun, 08 Apr 18 20:51:54 +0700][ERROR] [5]: Action 'profile' was not found on handler 'profile'

[Sun, 08 Apr 18 20:51:55 +0700][ERROR] [5]: Action 'profile' was not found on handler 'profile'

[Sun, 08 Apr 18 20:51:55 +0700][ERROR] [5]: Action 'profile' was not found on handler 'profile'

[Sun, 08 Apr 18 20:51:56 +0700][ERROR] [5]: Action 'profile' was not found on handler 'profile'

[Sun, 08 Apr 18 22:14:24 +0700][ERROR] [5]: Action 'event' was not found on handler 'profile'

[Sun, 08 Apr 18 22:14:26 +0700][ERROR] [5]: Action 'profile' was not found on handler 'profile'

[Sun, 08 Apr 18 22:14:26 +0700][ERROR] [5]: Action 'profile' was not found on handler 'profile'

[Sun, 08 Apr 18 22:14:27 +0700][ERROR] [5]: Action 'profile' was not found on handler 'profile'

[Sun, 08 Apr 18 22:14:28 +0700][ERROR] [5]: Action 'event' was not found on handler 'profile'

[Sun, 08 Apr 18 22:15:15 +0700][ERROR] [5]: Action 'event' was not found on handler 'profile'

[Sun, 08 Apr 18 22:15:16 +0700][ERROR] [5]: Action 'authen' was not found on handler 'profile'

[Sun, 08 Apr 18 22:15:18 +0700][ERROR] [5]: Action 'event' was not found on handler 'profile'

[Sun, 08 Apr 18 22:15:21 +0700][ERROR] [5]: Action 'event' was not found on handler 'profile'

[Sun, 08 Apr 18 22:17:45 +0700][ERROR] [5]: Action 'event' was not found on handler 'profile'

[Sun, 08 Apr 18 22:17:48 +0700][ERROR] [5]: Action 'event' was not found on handler 'profile'

[Sun, 08 Apr 18 22:17:53 +0700][ERROR] [5]: Action 'event' was not found on handler 'profile'

[Sun, 08 Apr 18 22:20:20 +0700][ERROR] [5]: Action 'event' was not found on handler 'profile'

[Sun, 08 Apr 18 22:20:27 +0700][ERROR] [2]: EventController handler class cannot be loaded

[Sun, 08 Apr 18 22:24:10 +0700][ERROR] [2]: EventController handler class cannot be loaded

[Sun, 08 Apr 18 22:24:11 +0700][ERROR] [2]: AboutController handler class cannot be loaded

[Sun, 08 Apr 18 22:24:12 +0700][ERROR] [2]: EventController handler class cannot be loaded

[Sun, 08 Apr 18 22:24:14 +0700][ERROR] [2]: AboutController handler class cannot be loaded

[Sun, 08 Apr 18 22:24:15 +0700][ERROR] [2]: EventController handler class cannot be loaded

[Sun, 08 Apr 18 22:24:15 +0700][ERROR] [2]: AboutController handler class cannot be loaded

[Sun, 08 Apr 18 22:24:16 +0700][ERROR] [2]: AboutController handler class cannot be loaded

[Sun, 08 Apr 18 22:24:17 +0700][ERROR] [2]: AboutController handler class cannot be loaded

[Sun, 08 Apr 18 22:24:17 +0700][ERROR] [2]: AboutController handler class cannot be loaded

[Sun, 08 Apr 18 22:24:18 +0700][ERROR] [2]: AboutController handler class cannot be loaded

[Sun, 08 Apr 18 22:24:53 +0700][ERROR] [2]: AboutController handler class cannot be loaded

[Sun, 08 Apr 18 22:24:56 +0700][ERROR] [2]: AboutController handler class cannot be loaded

[Sun, 08 Apr 18 22:24:57 +0700][ERROR] [2]: EventController handler class cannot be loaded

[Sun, 08 Apr 18 22:25:00 +0700][ERROR] [2]: AboutController handler class cannot be loaded

[Sun, 08 Apr 18 22:26:35 +0700][ERROR] [2]: AboutController handler class cannot be loaded

[Sun, 08 Apr 18 22:28:48 +0700][ERROR] [2]: AboutController handler class cannot be loaded

[Sun, 08 Apr 18 22:31:48 +0700][ERROR] [2]: AboutController handler class cannot be loaded

[Sun, 08 Apr 18 22:31:50 +0700][ERROR] [2]: EventController handler class cannot be loaded

[Sun, 08 Apr 18 22:35:02 +0700][ERROR] [2]: AboutController handler class cannot be loaded

[Sun, 08 Apr 18 22:41:50 +0700][ERROR] [2]: AboutController handler class cannot be loaded

[Sun, 08 Apr 18 22:41:52 +0700][ERROR] [2]: AboutController handler class cannot be loaded

[Sun, 08 Apr 18 22:41:52 +0700][ERROR] [2]: EventController handler class cannot be loaded

[Sun, 08 Apr 18 22:41:54 +0700][ERROR] [2]: AboutController handler class cannot be loaded

[Sun, 08 Apr 18 22:41:54 +0700][ERROR] [2]: AboutController handler class cannot be loaded

[Sun, 08 Apr 18 22:42:03 +0700][ERROR] [2]: AboutController handler class cannot be loaded

[Sun, 08 Apr 18 22:42:03 +0700][ERROR] [2]: EventController handler class cannot be loaded

[Sun, 08 Apr 18 22:44:43 +0700][ERROR] [2]: EventController handler class cannot be loaded

[Sun, 08 Apr 18 22:44:45 +0700][ERROR] [2]: AboutController handler class cannot be loaded

[Sun, 08 Apr 18 22:44:48 +0700][ERROR] [2]: AboutController handler class cannot be loaded

[Sun, 08 Apr 18 23:23:41 +0700][ERROR] [2]: EventController handler class cannot be loaded

[Sun, 08 Apr 18 23:46:38 +0700][ERROR] [2]: EventController handler class cannot be loaded

[Sun, 08 Apr 18 23:49:59 +0700][ERROR] [2]: EventController handler class cannot be loaded

[Sun, 08 Apr 18 23:50:06 +0700][ERROR] [2]: EventController handler class cannot be loaded

[Sun, 08 Apr 18 23:50:39 +0700][ERROR] [2]: EventController handler class cannot be loaded

[Sun, 08 Apr 18 23:51:00 +0700][ERROR] [2]: EventController handler class cannot be loaded

